     1                                 %line 1+1 mul.asm
     2                                 [segment .data]
     3 00000000 506C6561736520696E-     text1 db "Please input the first number: "
     4 00000000 707574207468652066-
     5 00000000 69727374206E756D62-
     6 00000000 65723A20           
     7 0000001F 506C6561736520696E-     text2 db "Please input the second number: "
     8 0000001F 707574207468652073-
     9 0000001F 65636F6E64206E756D-
    10 0000001F 6265723A20         
    11                                 
    12                                 
    13 0000003F 0A                      end db 0xa
    14                                 
    15                                 [segment .bss]
    16 00000000 <gap>                   i1 resb 8
    17 00000008 <gap>                   i2 resb 8
    18                                 
    19                                 
    20                                 [segment .text]
    21                                 [global _start]
    22                                 
    23                                 _start:
    24                                 
    25 00000000 48C7C001000000          mov rax, 1
    26 00000007 48C7C701000000          mov rdi, 1
    27 0000000E 48C7C6[00000000]        mov rsi, text1
    28 00000015 48C7C21F000000          mov rdx, 31
    29 0000001C 0F05                    syscall
    30                                 
    31 0000001E 48C7C000000000          mov rax, 0
    32 00000025 48C7C700000000          mov rdi, 0
    33 0000002C 48C7C6[00000000]        mov rsi, i1
    34 00000033 48C7C202000000          mov rdx, 2
    35 0000003A 0F05                    syscall
    36                                 
    37 0000003C 48C7C001000000          mov rax, 1
    38 00000043 48C7C701000000          mov rdi, 1
    39 0000004A 48C7C6[00000000]        mov rsi, text2
    40 00000051 48C7C220000000          mov rdx, 32
    41 00000058 0F05                    syscall
    42                                 
    43 0000005A 48C7C000000000          mov rax, 0
    44 00000061 48C7C700000000          mov rdi, 0
    45 00000068 48C7C6[00000000]        mov rsi, i2
    46 0000006F 48C7C202000000          mov rdx, 2
    47 00000076 0F05                    syscall
    48                                 
    49                                 
    50 00000078 488B3425[00000000]      mov rsi, [i1]
    51 00000080 4883EE30                sub rsi, '0'
    52 00000084 488B3C25[00000000]      mov rdi, [i2]
    53 0000008C 4883EF30                sub rdi, '0'
    54                                 
    55 00000090 4889F0                  mov rax, rsi
    56 00000093 48F7E7                  mul rdi
    57                                 
    58                                 
    59 00000096 49C7C00A000000          mov r8, 10
    60 0000009D 4831D2                  xor rdx, rdx
    61 000000A0 49F7F0                  div r8
    62                                 
    63 000000A3 4883C030                add rax, '0'
    64 000000A7 48890425[00000000]      mov [i1], rax
    65                                 
    66 000000AF 4883C230                add rdx, '0'
    67 000000B3 48891425[00000000]      mov [i2], rdx
    68                                 
    69 000000BB 48C7C001000000          mov rax, 1
    70 000000C2 48C7C701000000          mov rdi, 1
    71 000000C9 48C7C6[00000000]        mov rsi, i1
    72 000000D0 48C7C201000000          mov rdx, 1
    73 000000D7 0F05                    syscall
    74                                 
    75 000000D9 48C7C001000000          mov rax, 1
    76 000000E0 48C7C701000000          mov rdi, 1
    77 000000E7 48C7C6[00000000]        mov rsi, i2
    78 000000EE 48C7C201000000          mov rdx, 1
    79 000000F5 0F05                    syscall
    80                                 
    81 000000F7 48C7C001000000          mov rax, 1
    82 000000FE 48C7C701000000          mov rdi, 1
    83 00000105 48C7C6[00000000]        mov rsi, end
    84 0000010C 48C7C201000000          mov rdx, 1
    85 00000113 0F05                    syscall
    86                                 
    87 00000115 B83C000000              mov eax, 60
    88 0000011A 31FF                    xor edi, edi
    89 0000011C 0F05                    syscall
