     1                                 %line 1+1 task3.asm
     2                                 [segment .data]
     3 00000000 506C6561736520696E-     text1 db "Please input the first number: "
     4 00000000 707574207468652066-
     5 00000000 69727374206E756D62-
     6 00000000 65723A20           
     7 0000001F 506C6561736520696E-     text2 db "Please input the second number: "
     8 0000001F 707574207468652073-
     9 0000001F 65636F6E64206E756D-
    10 0000001F 6265723A20         
    11 0000003F 0A                      end db 0xa
    12                                 
    13                                 [segment .bss]
    14 00000000 <gap>                   i1 resb 1
    15 00000001 <gap>                   i2 resb 1
    16                                 
    17                                 
    18                                 [segment .text]
    19                                 [global _start]
    20                                 
    21                                 _start:
    22                                 
    23 00000000 48C7C001000000          mov rax, 1
    24 00000007 48C7C701000000          mov rdi, 1
    25 0000000E 48C7C6[00000000]        mov rsi, text1
    26 00000015 48C7C21F000000          mov rdx, 31
    27 0000001C 0F05                    syscall
    28                                 
    29 0000001E 48C7C000000000          mov rax, 0
    30 00000025 48C7C700000000          mov rdi, 0
    31 0000002C 48C7C6[00000000]        mov rsi, i1
    32 00000033 48C7C202000000          mov rdx, 2
    33 0000003A 0F05                    syscall
    34                                 
    35 0000003C 48C7C001000000          mov rax, 1
    36 00000043 48C7C701000000          mov rdi, 1
    37 0000004A 48C7C6[00000000]        mov rsi, text2
    38 00000051 48C7C220000000          mov rdx, 32
    39 00000058 0F05                    syscall
    40                                 
    41 0000005A 48C7C000000000          mov rax, 0
    42 00000061 48C7C700000000          mov rdi, 0
    43 00000068 48C7C6[00000000]        mov rsi, i2
    44 0000006F 48C7C202000000          mov rdx, 2
    45 00000076 0F05                    syscall
    46                                 
    47                                 
    48 00000078 488B3425[00000000]      mov rsi, [i1]
    49 00000080 4883EE30                sub rsi, '0'
    50 00000084 488B3C25[00000000]      mov rdi, [i2]
    51 0000008C 4883EF30                sub rdi, '0'
    52                                 
    53 00000090 4801FE                  add rsi, rdi
    54 00000093 4883C630                add rsi, '0'
    55 00000097 48893425[00000000]      mov [i1], rsi
    56                                 
    57 0000009F 48C7C001000000          mov rax, 1
    58 000000A6 48C7C701000000          mov rdi, 1
    59 000000AD 48C7C6[00000000]        mov rsi, i1
    60 000000B4 48C7C201000000          mov rdx, 1
    61 000000BB 0F05                    syscall
    62                                 
    63 000000BD 48C7C001000000          mov rax, 1
    64 000000C4 48C7C701000000          mov rdi, 1
    65 000000CB 48C7C6[00000000]        mov rsi, end
    66 000000D2 48C7C201000000          mov rdx, 1
    67 000000D9 0F05                    syscall
    68                                 
    69 000000DB B83C000000              mov eax, 60
    70 000000E0 31FF                    xor edi, edi
    71 000000E2 0F05                    syscall
    72                                 
    73                                 
    74                                 
    75                                 
