     1                                 %line 1+1 mul.asm
     2                                 [segment .data]
     3 00000000 506C6561736520696E-     text1: db "Please input the first number: "
     4 00000000 707574207468652066-
     5 00000000 69727374206E756D62-
     6 00000000 65723A20           
     7 0000001F 506C6561736520696E-     text2: db "Please input the second number: "
     8 0000001F 707574207468652073-
     9 0000001F 65636F6E64206E756D-
    10 0000001F 6265723A20         
    11 0000003F 72                      r: db "r"
    12 00000040 0A                      end: db 0xa
    13 00000041 00                      counter: db 0
    14                                 
    15                                 [segment .bss]
    16 00000000 <gap>                   i1 resb 8
    17 00000008 <gap>                   i2 resb 8
    18 00000010 <gap>                   temp resb 8
    19                                 
    20                                 
    21                                 [segment .text]
    22                                 [global _start]
    23                                 
    24                                 _start:
    25                                 
    26 00000000 48C7C001000000          mov rax, 1
    27 00000007 48C7C701000000          mov rdi, 1
    28 0000000E 48C7C6[00000000]        mov rsi, text1
    29 00000015 48C7C21F000000          mov rdx, 31
    30 0000001C 0F05                    syscall
    31                                 
    32 0000001E 48C7C000000000          mov rax, 0
    33 00000025 48C7C700000000          mov rdi, 0
    34 0000002C 48C7C6[00000000]        mov rsi, i1
    35 00000033 48C7C202000000          mov rdx, 2
    36 0000003A 0F05                    syscall
    37                                 
    38 0000003C 48C7C001000000          mov rax, 1
    39 00000043 48C7C701000000          mov rdi, 1
    40 0000004A 48C7C6[00000000]        mov rsi, text2
    41 00000051 48C7C220000000          mov rdx, 32
    42 00000058 0F05                    syscall
    43                                 
    44 0000005A 48C7C000000000          mov rax, 0
    45 00000061 48C7C700000000          mov rdi, 0
    46 00000068 48C7C6[00000000]        mov rsi, i2
    47 0000006F 48C7C202000000          mov rdx, 2
    48 00000076 0F05                    syscall
    49                                 
    50                                 
    51 00000078 488B3425[00000000]      mov rsi, [i1]
    52 00000080 4883EE30                sub rsi, '0'
    53 00000084 488B3C25[00000000]      mov rdi, [i2]
    54 0000008C 4883EF30                sub rdi, '0'
    55                                 
    56                                 
    57 00000090 4889F0                  mov rax, rsi
    58 00000093 48C7C200000000          mov rdx, 0
    59                                 
    60 0000009A 4C8B3C25[00000000]     mov r15, [counter]
    61                                 
    62                                 _div:
    63 000000A2 48F7F7                  div rdi
    64 000000A5 4883F800                cmp rax, 0
    65 000000A9 0F8593000000            jne _prep
    66                                 
    67                                 
    68                                 
    69                                 
    70 000000AF 4883C030                add rax, '0'
    71 000000B3 48890425[00000000]      mov [i1], rax
    72 000000BB 4883C230                add rdx, '0'
    73 000000BF 48891425[00000000]      mov [i2], rdx
    74                                 
    75 000000C7 48C7C001000000          mov rax, 1
    76 000000CE 48C7C701000000          mov rdi, 1
    77 000000D5 48C7C6[00000000]        mov rsi, i1
    78 000000DC 48C7C201000000          mov rdx, 1
    79 000000E3 0F05                    syscall
    80                                 
    81 000000E5 48C7C001000000          mov rax, 1
    82 000000EC 48C7C701000000          mov rdi, 1
    83 000000F3 48C7C6[00000000]        mov rsi, r
    84 000000FA 48C7C201000000          mov rdx, 1
    85 00000101 0F05                    syscall
    86                                 
    87 00000103 48C7C001000000          mov rax, 1
    88 0000010A 48C7C701000000          mov rdi, 1
    89 00000111 48C7C6[00000000]        mov rsi, i2
    90 00000118 48C7C201000000          mov rdx, 1
    91 0000011F 0F05                    syscall
    92                                 
    93 00000121 48C7C001000000          mov rax, 1
    94 00000128 48C7C701000000          mov rdi, 1
    95 0000012F 48C7C6[00000000]        mov rsi, end
    96 00000136 48C7C201000000          mov rdx, 1
    97 0000013D 0F05                    syscall
    98                                 
    99 0000013F B83C000000              mov eax, 60
   100 00000144 31FF                    xor edi, edi
   101 00000146 0F05                    syscall
   102                                 
   103                                  _prep:
   104 00000148 49FFC7                  inc r15
   105 0000014B 4889D0                  mov rax, rdx
   106 0000014E E94AFFFFFF              jmp _div
