     1                                 %line 1+1 task1(1).asm
     2                                 [section .data]
     3 00000000 506C6561736520696E-     t1 db "Please input the first number: "
     4 00000000 707574207468652066-
     5 00000000 69727374206E756D62-
     6 00000000 65723A20           
     7 0000001F 0A                      end db "",10
     8 00000020 506C6561736520696E-     t2 db "Please input the second number: "
     9 00000020 707574207468652073-
    10 00000020 65636F6E64206E756D-
    11 00000020 6265723A20         
    12                                 
    13                                 [section .bss]
    14                                 
    15 00000000 <gap>                   val resb 8
    16 00000008 <gap>                   val2 resb 8
    17                                 
    18                                 
    19                                 [section .text]
    20                                 [global _start]
    21                                 _start:
    22                                 
    23 00000000 48C7C001000000          mov rax, 1
    24 00000007 48C7C701000000          mov rdi, 1
    25 0000000E 48C7C6[00000000]        mov rsi, t1
    26 00000015 48C7C21F000000          mov rdx, 31
    27 0000001C 0F05                    syscall
    28                                 
    29 0000001E 48C7C000000000          mov rax, 0
    30 00000025 48C7C700000000          mov rdi, 0
    31 0000002C 48C7C6[00000000]        mov rsi, val
    32 00000033 48C7C202000000          mov rdx, 2
    33 0000003A 0F05                    syscall
    34                                 
    35 0000003C 48C7C001000000          mov rax, 1
    36 00000043 48C7C701000000          mov rdi, 1
    37 0000004A 48C7C6[00000000]        mov rsi, t2
    38 00000051 48C7C220000000          mov rdx, 32
    39 00000058 0F05                    syscall
    40                                 
    41 0000005A 48C7C000000000          mov rax, 0
    42 00000061 48C7C700000000          mov rdi, 0
    43 00000068 48C7C6[00000000]        mov rsi, val2
    44 0000006F 48C7C202000000          mov rdx, 2
    45 00000076 0F05                    syscall
    46                                 
    47 00000078 488B0425[00000000]      mov rax, [val]
    48 00000080 488B1C25[00000000]      mov rbx, [val2]
    49 00000088 4883E830                sub rax, '0'
    50 0000008C 4883EB30                sub rbx, '0'
    51 00000090 4801D8                  add rax, rbx
    52 00000093 48C7C60A000000          mov rsi , 10
    53 0000009A 48C7C200000000          mov rdx, 0
    54 000000A1 48F7F6                  div rsi
    55                                 
    56 000000A4 4883C030                add rax, '0'
    57 000000A8 4883C230                add rdx, '0'
    58                                 
    59 000000AC 48890425[00000000]      mov [val], rax
    60 000000B4 48891425[00000000]      mov [val2], rdx
    61 000000BC 0F05                    syscall
    62                                 
    63                                 
    64 000000BE 48C7C001000000          mov rax, 1
    65 000000C5 48C7C701000000          mov rdi, 1
    66 000000CC 48C7C6[00000000]        mov rsi, val
    67 000000D3 48C7C201000000          mov rdx, 1
    68 000000DA 0F05                    syscall
    69                                 
    70 000000DC 48C7C001000000          mov rax, 1
    71 000000E3 48C7C701000000          mov rdi, 1
    72 000000EA 48C7C6[00000000]        mov rsi, val2
    73 000000F1 48C7C201000000          mov rdx, 1
    74 000000F8 0F05                    syscall
    75                                 
    76 000000FA 48C7C001000000          mov rax, 1
    77 00000101 48C7C701000000          mov rdi, 1
    78 00000108 48C7C6[00000000]        mov rsi, end
    79 0000010F 48C7C201000000          mov rdx, 1
    80 00000116 0F05                    syscall
    81                                 
    82                                 
    83                                 
    84 00000118 48C7C03C000000          mov rax, 60
    85 0000011F 48C7C700000000          mov rdi, 0
    86 00000126 0F05                    syscall
