     1                                 %line 1+1 task2.asm
     2                                 [segment .data]
     3 00000000 506C6561736520696E-     text1 db "Please input a lowercase character: "
     4 00000000 7075742061206C6F77-
     5 00000000 657263617365206368-
     6 00000000 617261637465723A20 
     7 00000024 496E20757070657263-     text2 db "In uppercase: "
     8 00000024 6173653A20         
     9 00000032 0A                      end db "",10
    10                                 
    11                                 [segment .bss]
    12 00000000 <gap>                   name resb 17
    13                                 
    14                                 
    15                                 [segment .text]
    16                                 [global _start]
    17                                 
    18                                 _start:
    19 00000000 E846000000              call _printText1
    20 00000005 E822000000              call _getLetter
    21                                 
    22 0000000A 48C7C620000000          mov rsi, 32
    23 00000011 48293425[00000000]      sub [name], rsi
    24                                 
    25 00000019 E86B000000              call _printText2
    26 0000001E E885000000              call _printName
    27 00000023 E842000000              call _printEnd
    28                                 
    29 00000028 B83C000000              mov eax, 60
    30 0000002D 31FF                    xor edi, edi
    31 0000002F 0F05                    syscall
    32                                 
    33                                 
    34                                 _getLetter:
    35 00000031 48C7C000000000          mov rax, 0
    36 00000038 48C7C700000000          mov rdi, 0
    37 0000003F 48C7C6[00000000]        mov rsi, name
    38 00000046 48C7C205000000          mov rdx, 5
    39 0000004D 0F05                    syscall
    40 0000004F C3                      ret
    41                                 
    42                                 _printText1:
    43 00000050 48C7C001000000          mov rax, 1
    44 00000057 48C7C701000000          mov rdi, 1
    45 0000005E 48C7C6[00000000]        mov rsi, text1
    46 00000065 48C7C224000000          mov rdx, 36
    47 0000006C 0F05                    syscall
    48 0000006E C3                      ret
    49                                 
    50                                 _printEnd:
    51 0000006F 48C7C001000000          mov rax, 1
    52 00000076 48C7C701000000          mov rdi, 1
    53 0000007D 48C7C6[00000000]        mov rsi, end
    54 00000084 48C7C201000000          mov rdx, 1
    55 0000008B 0F05                    syscall
    56 0000008D C3                      ret
    57                                 
    58                                 _printText2:
    59 0000008E 48C7C001000000          mov rax, 1
    60 00000095 48C7C701000000          mov rdi, 1
    61 0000009C 48C7C6[00000000]        mov rsi, text2
    62 000000A3 48C7C20E000000          mov rdx, 14
    63 000000AA 0F05                    syscall
    64 000000AC C3                      ret
    65                                 
    66                                 _printName:
    67 000000AD 48C7C001000000          mov rax, 1
    68 000000B4 48C7C701000000          mov rdi, 1
    69 000000BB 48C7C6[00000000]        mov rsi, name
    70 000000C2 48C7C201000000          mov rdx, 1
    71 000000C9 0F05                    syscall
    72 000000CB C3                      ret
