     1                                 %line 1+1 task3.asm
     2                                 [segment .data]
     3 00000000 506C6561736520696E-     text1 db "Please input the first number: "
     4 00000000 707574207468652066-
     5 00000000 69727374206E756D62-
     6 00000000 65723A20           
     7 0000001F 506C6561736520696E-     text2 db "Please input the second number: "
     8 0000001F 707574207468652073-
     9 0000001F 65636F6E64206E756D-
    10 0000001F 6265723A20         
    11                                 
    12                                 
    13 0000003F 0A                      end db 0xa
    14                                 
    15                                 [segment .bss]
    16 00000000 <gap>                   i1 resb 8
    17 00000008 <gap>                   i2 resb 8
    18                                 
    19                                 
    20                                 [segment .text]
    21                                 [global _start]
    22                                 
    23                                 _start:
    24                                 
    25 00000000 48C7C001000000          mov rax, 1
    26 00000007 48C7C701000000          mov rdi, 1
    27 0000000E 48C7C6[00000000]        mov rsi, text1
    28 00000015 48C7C21F000000          mov rdx, 31
    29 0000001C 0F05                    syscall
    30                                 
    31 0000001E 48C7C000000000          mov rax, 0
    32 00000025 48C7C700000000          mov rdi, 0
    33 0000002C 48C7C6[00000000]        mov rsi, i1
    34 00000033 48C7C202000000          mov rdx, 2
    35 0000003A 0F05                    syscall
    36                                 
    37 0000003C 48C7C001000000          mov rax, 1
    38 00000043 48C7C701000000          mov rdi, 1
    39 0000004A 48C7C6[00000000]        mov rsi, text2
    40 00000051 48C7C220000000          mov rdx, 32
    41 00000058 0F05                    syscall
    42                                 
    43 0000005A 48C7C000000000          mov rax, 0
    44 00000061 48C7C700000000          mov rdi, 0
    45 00000068 48C7C6[00000000]        mov rsi, i2
    46 0000006F 48C7C202000000          mov rdx, 2
    47 00000076 0F05                    syscall
    48                                 
    49                                 
    50 00000078 488B3425[00000000]      mov rsi, [i1]
    51 00000080 4883EE30                sub rsi, '0'
    52 00000084 488B3C25[00000000]      mov rdi, [i2]
    53 0000008C 4883EF30                sub rdi, '0'
    54                                 
    55 00000090 4801FE                  add rsi, rdi
    56                                 
    57 00000093 48893425[00000000]      mov [i1], rsi
    58                                 
    59 0000009B 4889F0                  mov rax, rsi
    60 0000009E 49C7C00A000000          mov r8, 10
    61 000000A5 4831D2                  xor rdx, rdx
    62 000000A8 49F7F0                  div r8
    63                                 
    64 000000AB 4883C030                add rax, '0'
    65 000000AF 48890425[00000000]      mov [i1], rax
    66                                 
    67 000000B7 4883C230                add rdx, '0'
    68 000000BB 48891425[00000000]      mov [i2], rdx
    69                                 
    70 000000C3 48C7C001000000          mov rax, 1
    71 000000CA 48C7C701000000          mov rdi, 1
    72 000000D1 48C7C6[00000000]        mov rsi, i1
    73 000000D8 48C7C201000000          mov rdx, 1
    74 000000DF 0F05                    syscall
    75                                 
    76 000000E1 48C7C001000000          mov rax, 1
    77 000000E8 48C7C701000000          mov rdi, 1
    78 000000EF 48C7C6[00000000]        mov rsi, i2
    79 000000F6 48C7C201000000          mov rdx, 1
    80 000000FD 0F05                    syscall
    81                                 
    82 000000FF 48C7C001000000          mov rax, 1
    83 00000106 48C7C701000000          mov rdi, 1
    84 0000010D 48C7C6[00000000]        mov rsi, end
    85 00000114 48C7C201000000          mov rdx, 1
    86 0000011B 0F05                    syscall
    87                                 
    88 0000011D B83C000000              mov eax, 60
    89 00000122 31FF                    xor edi, edi
    90 00000124 0F05                    syscall
    91                                 
    92                                 
    93                                 
    94                                 
